<?xml version="1.0" encoding="UTF-8"?>
<!-- Generated by org.testng.reporters.JUnitReportReporter -->
<testsuite skipped="0" hostname="Kamal" name="testCases.OrderPhoneTest" tests="1" failures="0" timestamp="2019-11-03T19:05:20 PST" time="24.319" errors="0">
  <testcase name="retrivephones" time="24.319" classname="testCases.OrderPhoneTest"/>
</testsuite> <!-- testCases.OrderPhoneTest -->
