<?xml version="1.0" encoding="UTF-8"?>
<!-- Generated by org.testng.reporters.JUnitReportReporter -->
<testsuite skipped="0" hostname="Kamal" name="testCases.OrderPhoneInstockTest" tests="1" failures="0" timestamp="2019-11-05T12:24:49 PST" time="11.688" errors="0">
  <testcase name="retrivephones" time="11.688" classname="testCases.OrderPhoneInstockTest"/>
</testsuite> <!-- testCases.OrderPhoneInstockTest -->
