<?xml version="1.0" encoding="UTF-8"?>
<!-- Generated by org.testng.reporters.JUnitReportReporter -->
<testsuite skipped="0" hostname="Kamal" name="testCases.SelectPlanTest" tests="1" failures="0" timestamp="2019-11-05T11:11:39 PST" time="18.829" errors="0">
  <testcase name="selectPlan" time="18.829" classname="testCases.SelectPlanTest"/>
</testsuite> <!-- testCases.SelectPlanTest -->
