<?xml version="1.0" encoding="UTF-8"?>
<!-- Generated by org.testng.reporters.JUnitReportReporter -->
<testsuite skipped="0" hostname="Kamal" name="testRunner.LoginDataTest" tests="1" failures="0" timestamp="2019-11-11T09:23:57 PST" time="67.631" errors="0">
  <testcase name="feature" time="67.631" classname="testRunner.LoginDataTest"/>
</testsuite> <!-- testRunner.LoginDataTest -->
