<?xml version="1.0" encoding="UTF-8"?>
<!-- Generated by org.testng.reporters.JUnitReportReporter -->
<testsuite skipped="0" hostname="Kamal" name="testCases.LoginDataSetTest" tests="2" failures="0" timestamp="2019-11-06T09:43:29 PST" time="6.437" errors="0">
  <testcase name="LoginTest" time="6.381" classname="testCases.LoginDataSetTest"/>
  <testcase name="cliconPhoe" time="0.056" classname="testCases.LoginDataSetTest"/>
</testsuite> <!-- testCases.LoginDataSetTest -->
