<?xml version="1.0" encoding="UTF-8"?>
<!-- Generated by org.testng.reporters.JUnitReportReporter -->
<testsuite skipped="0" hostname="Kamal" name="testRunner.LoginDataTest" tests="1" failures="0" timestamp="2019-11-11T09:37:48 PST" time="40.478" errors="0">
  <testcase name="feature" time="40.478" classname="testRunner.LoginDataTest"/>
</testsuite> <!-- testRunner.LoginDataTest -->
